<?xml version="1.0" encoding="UTF-8"?>
<!-- Generated by org.testng.reporters.JUnitReportReporter -->
<testsuite skipped="0" hostname="DESKTOP-883A6I9" name="testcases.SampleTests" tests="1" failures="0" timestamp="19 Jun 2018 13:10:04 GMT" time="2.279" errors="0">
  <testcase name="test1" time="2.279" classname="testcases.SampleTests"/>
</testsuite> <!-- testcases.SampleTests -->
